Vivado Simulator 2020.1
Copyright 1986-1999, 2001-2020 Xilinx, Inc. All Rights Reserved.
Running: C:/Xilinx/Vivado/2020.1/bin/unwrapped/win64.o/xelab.exe -wto 8aaf57bab0154d4f9ddff2737bf8ed8e --incr --debug typical --relax --mt 2 -L xil_defaultlib -L secureip --snapshot ps2_keyboard_to_ascii_tb_behav xil_defaultlib.ps2_keyboard_to_ascii_tb -log elaborate.log 
Using 2 slave threads.
Starting static elaboration
Completed static elaboration
Starting simulation data flow analysis
Completed simulation data flow analysis
Time Resolution for simulation is 1ps
Compiling package std.standard
Compiling package std.textio
Compiling package ieee.std_logic_1164
Compiling package ieee.numeric_std
Compiling package ieee.std_logic_arith
Compiling package ieee.std_logic_unsigned
Compiling architecture behavioral of entity xil_defaultlib.button_debounce [button_debounce_default]
Compiling architecture behavioral of entity xil_defaultlib.UART_tx [uart_tx_default]
Compiling architecture behavioral of entity xil_defaultlib.UART [uart_default]
Compiling architecture behavioral of entity xil_defaultlib.UART_controller [uart_controller_default]
Compiling architecture arch of entity xil_defaultlib.ps2_rx [ps2_rx_default]
Compiling architecture behavior of entity xil_defaultlib.ps2_keyboard_to_ascii [ps2_keyboard_to_ascii_default]
Compiling architecture behavioral of entity xil_defaultlib.ps2_keyboard_to_ascii_tb
Built simulation snapshot ps2_keyboard_to_ascii_tb_behav
