#-----------------------------------------------------------
# Vivado v2020.1 (64-bit)
# SW Build 2902540 on Wed May 27 19:54:49 MDT 2020
# IP Build 2902112 on Wed May 27 22:43:36 MDT 2020
# Start of session at: Sun Sep  4 19:49:12 2022
# Process ID: 10536
# Current directory: C:/Users/Somaya/Desktop/Final Projects/Receiver Chatting system
# Command line: vivado.exe -gui_launcher_event rodinguilauncherevent22744 C:\Users\Somaya\Desktop\Final Projects\Receiver Chatting system\Receiver.xpr
# Log file: C:/Users/Somaya/Desktop/Final Projects/Receiver Chatting system/vivado.log
# Journal file: C:/Users/Somaya/Desktop/Final Projects/Receiver Chatting system\vivado.jou
#-----------------------------------------------------------
start_gui
open_project {C:/Users/Somaya/Desktop/Final Projects/Receiver Chatting system/Receiver.xpr}
INFO: [Project 1-313] Project file moved from 'C:/Users/DELL/Desktop/dsd4-6ann/Receiver' since last save.
Scanning sources...
Finished scanning sources
INFO: [IP_Flow 19-234] Refreshing IP repositories
INFO: [IP_Flow 19-1704] No user IP repositories specified
INFO: [IP_Flow 19-2313] Loaded Vivado IP repository 'D:/Xilinx/Vivado/2020.1/data/ip'.
open_project: Time (s): cpu = 00:00:16 ; elapsed = 00:00:08 . Memory (MB): peak = 1036.969 ; gain = 0.000
update_compile_order -fileset sources_1
exit
INFO: [Common 17-206] Exiting Vivado at Sun Sep  4 19:50:03 2022...
